<?xml version="1.0" encoding="UTF-8"?>
<coverage generated="1762316002521" clover="3.2.0">
  <project timestamp="1762316002521" name="All files">
    <metrics statements="22" coveredstatements="17" conditionals="7" coveredconditionals="2" methods="6" coveredmethods="2" elements="35" coveredelements="21" complexity="0" loc="22" ncloc="22" packages="3" files="3" classes="3"/>
    <package name="api.v1.errors">
      <metrics statements="14" coveredstatements="10" conditionals="5" coveredconditionals="1" methods="5" coveredmethods="1"/>
      <file name="appErrors.ts" path="C:\Users\jjasl\high-risk-loan-monitoring-system\src\api\v1\errors\appErrors.ts">
        <metrics statements="14" coveredstatements="10" conditionals="5" coveredconditionals="1" methods="5" coveredmethods="1"/>
        <line num="1" count="1" type="stmt"/>
        <line num="6" count="1" type="stmt"/>
        <line num="11" count="1" type="stmt"/>
        <line num="12" count="1" type="stmt"/>
        <line num="13" count="1" type="stmt"/>
        <line num="15" count="1" type="stmt"/>
        <line num="22" count="1" type="stmt"/>
        <line num="24" count="0" type="stmt"/>
        <line num="31" count="1" type="stmt"/>
        <line num="33" count="0" type="stmt"/>
        <line num="40" count="1" type="stmt"/>
        <line num="42" count="0" type="stmt"/>
        <line num="49" count="1" type="stmt"/>
        <line num="51" count="0" type="stmt"/>
      </file>
    </package>
    <package name="api.v1.utils">
      <metrics statements="7" coveredstatements="6" conditionals="2" coveredconditionals="1" methods="1" coveredmethods="1"/>
      <file name="errorutils.ts" path="C:\Users\jjasl\high-risk-loan-monitoring-system\src\api\v1\utils\errorutils.ts">
        <metrics statements="7" coveredstatements="6" conditionals="2" coveredconditionals="1" methods="1" coveredmethods="1"/>
        <line num="1" count="1" type="stmt"/>
        <line num="2" count="1" type="stmt"/>
        <line num="4" count="1" type="stmt"/>
        <line num="5" count="1" type="stmt"/>
        <line num="7" count="1" type="cond" truecount="1" falsecount="1"/>
        <line num="8" count="1" type="stmt"/>
        <line num="17" count="0" type="stmt"/>
      </file>
    </package>
    <package name="constants">
      <metrics statements="1" coveredstatements="1" conditionals="0" coveredconditionals="0" methods="0" coveredmethods="0"/>
      <file name="httpstatuscode.ts" path="C:\Users\jjasl\high-risk-loan-monitoring-system\src\constants\httpstatuscode.ts">
        <metrics statements="1" coveredstatements="1" conditionals="0" coveredconditionals="0" methods="0" coveredmethods="0"/>
        <line num="2" count="1" type="stmt"/>
      </file>
    </package>
  </project>
</coverage>
