{"C:\\Users\\jjasl\\high-risk-loan-monitoring-system\\src\\app.ts": {"path":"C:\\Users\\jjasl\\high-risk-loan-monitoring-system\\src\\app.ts","statementMap":{"0":{"start":{"line":1,"column":0},"end":{"line":1,"column":30}},"1":{"start":{"line":2,"column":0},"end":{"line":2,"column":88}},"2":{"start":{"line":3,"column":0},"end":{"line":3,"column":60}},"3":{"start":{"line":4,"column":0},"end":{"line":4,"column":52}},"4":{"start":{"line":6,"column":12},"end":{"line":6,"column":21}},"5":{"start":{"line":9,"column":0},"end":{"line":16,"column":1}},"6":{"start":{"line":11,"column":4},"end":{"line":11,"column":26}},"7":{"start":{"line":12,"column":4},"end":{"line":12,"column":25}},"8":{"start":{"line":15,"column":4},"end":{"line":15,"column":27}},"9":{"start":{"line":19,"column":0},"end":{"line":19,"column":24}},"10":{"start":{"line":22,"column":0},"end":{"line":22,"column":30}},"11":{"start":{"line":25,"column":0},"end":{"line":25,"column":22}},"12":{"start":{"line":27,"column":0},"end":{"line":27,"column":19}}},"fnMap":{},"branchMap":{"0":{"loc":{"start":{"line":9,"column":0},"end":{"line":16,"column":1}},"type":"if","locations":[{"start":{"line":9,"column":0},"end":{"line":16,"column":1}},{"start":{"line":13,"column":7},"end":{"line":16,"column":1}}]}},"s":{"0":1,"1":1,"2":1,"3":1,"4":1,"5":1,"6":0,"7":0,"8":1,"9":1,"10":1,"11":1,"12":1},"f":{},"b":{"0":[0,1]}}
,"C:\\Users\\jjasl\\high-risk-loan-monitoring-system\\src\\api\\v1\\controllers\\loancontroller.ts": {"path":"C:\\Users\\jjasl\\high-risk-loan-monitoring-system\\src\\api\\v1\\controllers\\loancontroller.ts","statementMap":{"0":{"start":{"line":3,"column":26},"end":{"line":5,"column":1}},"1":{"start":{"line":4,"column":2},"end":{"line":4,"column":65}},"2":{"start":{"line":3,"column":13},"end":{"line":3,"column":26}},"3":{"start":{"line":7,"column":26},"end":{"line":9,"column":1}},"4":{"start":{"line":8,"column":2},"end":{"line":8,"column":83}},"5":{"start":{"line":7,"column":13},"end":{"line":7,"column":26}},"6":{"start":{"line":11,"column":24},"end":{"line":16,"column":1}},"7":{"start":{"line":12,"column":2},"end":{"line":15,"column":5}},"8":{"start":{"line":11,"column":13},"end":{"line":11,"column":24}},"9":{"start":{"line":18,"column":27},"end":{"line":20,"column":1}},"10":{"start":{"line":19,"column":2},"end":{"line":19,"column":83}},"11":{"start":{"line":18,"column":13},"end":{"line":18,"column":27}}},"fnMap":{"0":{"name":"(anonymous_0)","decl":{"start":{"line":3,"column":26},"end":{"line":3,"column":27}},"loc":{"start":{"line":3,"column":58},"end":{"line":5,"column":1}}},"1":{"name":"(anonymous_1)","decl":{"start":{"line":7,"column":26},"end":{"line":7,"column":27}},"loc":{"start":{"line":7,"column":58},"end":{"line":9,"column":1}}},"2":{"name":"(anonymous_2)","decl":{"start":{"line":11,"column":24},"end":{"line":11,"column":25}},"loc":{"start":{"line":11,"column":56},"end":{"line":16,"column":1}}},"3":{"name":"(anonymous_3)","decl":{"start":{"line":18,"column":27},"end":{"line":18,"column":28}},"loc":{"start":{"line":18,"column":59},"end":{"line":20,"column":1}}}},"branchMap":{},"s":{"0":1,"1":1,"2":1,"3":1,"4":1,"5":1,"6":1,"7":1,"8":1,"9":1,"10":1,"11":1},"f":{"0":1,"1":1,"2":1,"3":1},"b":{}}
,"C:\\Users\\jjasl\\high-risk-loan-monitoring-system\\src\\api\\v1\\errors\\appErrors.ts": {"path":"C:\\Users\\jjasl\\high-risk-loan-monitoring-system\\src\\api\\v1\\errors\\appErrors.ts","statementMap":{"0":{"start":{"line":1,"column":0},"end":{"line":1,"column":80}},"1":{"start":{"line":11,"column":4},"end":{"line":11,"column":19}},"2":{"start":{"line":12,"column":4},"end":{"line":12,"column":33}},"3":{"start":{"line":13,"column":4},"end":{"line":13,"column":39}},"4":{"start":{"line":15,"column":4},"end":{"line":15,"column":52}},"5":{"start":{"line":6,"column":0},"end":{"line":6,"column":13}},"6":{"start":{"line":24,"column":4},"end":{"line":24,"column":44}},"7":{"start":{"line":22,"column":0},"end":{"line":22,"column":13}},"8":{"start":{"line":33,"column":4},"end":{"line":33,"column":45}},"9":{"start":{"line":31,"column":0},"end":{"line":31,"column":13}},"10":{"start":{"line":42,"column":4},"end":{"line":42,"column":42}},"11":{"start":{"line":40,"column":0},"end":{"line":40,"column":13}},"12":{"start":{"line":51,"column":4},"end":{"line":51,"column":42}},"13":{"start":{"line":49,"column":0},"end":{"line":49,"column":13}}},"fnMap":{"0":{"name":"(anonymous_0)","decl":{"start":{"line":10,"column":2},"end":{"line":10,"column":14}},"loc":{"start":{"line":10,"column":79},"end":{"line":16,"column":3}}},"1":{"name":"(anonymous_1)","decl":{"start":{"line":23,"column":2},"end":{"line":23,"column":14}},"loc":{"start":{"line":23,"column":37},"end":{"line":25,"column":3}}},"2":{"name":"(anonymous_2)","decl":{"start":{"line":32,"column":2},"end":{"line":32,"column":14}},"loc":{"start":{"line":32,"column":45},"end":{"line":34,"column":3}}},"3":{"name":"(anonymous_3)","decl":{"start":{"line":41,"column":2},"end":{"line":41,"column":14}},"loc":{"start":{"line":41,"column":42},"end":{"line":43,"column":3}}},"4":{"name":"(anonymous_4)","decl":{"start":{"line":50,"column":2},"end":{"line":50,"column":14}},"loc":{"start":{"line":50,"column":43},"end":{"line":52,"column":3}}}},"branchMap":{"0":{"loc":{"start":{"line":10,"column":59},"end":{"line":10,"column":79}},"type":"default-arg","locations":[{"start":{"line":10,"column":75},"end":{"line":10,"column":79}}]},"1":{"loc":{"start":{"line":23,"column":14},"end":{"line":23,"column":37}},"type":"default-arg","locations":[{"start":{"line":23,"column":24},"end":{"line":23,"column":37}}]},"2":{"loc":{"start":{"line":32,"column":14},"end":{"line":32,"column":45}},"type":"default-arg","locations":[{"start":{"line":32,"column":24},"end":{"line":32,"column":45}}]},"3":{"loc":{"start":{"line":41,"column":14},"end":{"line":41,"column":42}},"type":"default-arg","locations":[{"start":{"line":41,"column":24},"end":{"line":41,"column":42}}]},"4":{"loc":{"start":{"line":50,"column":14},"end":{"line":50,"column":43}},"type":"default-arg","locations":[{"start":{"line":50,"column":24},"end":{"line":50,"column":43}}]}},"s":{"0":3,"1":6,"2":6,"3":6,"4":6,"5":3,"6":1,"7":3,"8":1,"9":3,"10":1,"11":3,"12":1,"13":3},"f":{"0":6,"1":1,"2":1,"3":1,"4":1},"b":{"0":[6],"1":[0],"2":[1],"3":[0],"4":[1]}}
,"C:\\Users\\jjasl\\high-risk-loan-monitoring-system\\src\\api\\v1\\middleware\\errorHandler.ts": {"path":"C:\\Users\\jjasl\\high-risk-loan-monitoring-system\\src\\api\\v1\\middleware\\errorHandler.ts","statementMap":{"0":{"start":{"line":6,"column":0},"end":{"line":6,"column":24}},"1":{"start":{"line":2,"column":0},"end":{"line":2,"column":58}},"2":{"start":{"line":3,"column":0},"end":{"line":3,"column":47}},"3":{"start":{"line":4,"column":0},"end":{"line":4,"column":64}},"4":{"start":{"line":7,"column":24},"end":{"line":7,"column":48}},"5":{"start":{"line":10,"column":2},"end":{"line":14,"column":3}},"6":{"start":{"line":11,"column":4},"end":{"line":11,"column":77}},"7":{"start":{"line":13,"column":4},"end":{"line":13,"column":73}},"8":{"start":{"line":16,"column":2},"end":{"line":17,"column":26}}},"fnMap":{"0":{"name":"errorHandler","decl":{"start":{"line":6,"column":24},"end":{"line":6,"column":36}},"loc":{"start":{"line":6,"column":98},"end":{"line":18,"column":1}}}},"branchMap":{"0":{"loc":{"start":{"line":10,"column":2},"end":{"line":14,"column":3}},"type":"if","locations":[{"start":{"line":10,"column":2},"end":{"line":14,"column":3}},{"start":{"line":12,"column":9},"end":{"line":14,"column":3}}]},"1":{"loc":{"start":{"line":16,"column":13},"end":{"line":16,"column":91}},"type":"cond-expr","locations":[{"start":{"line":16,"column":41},"end":{"line":16,"column":55}},{"start":{"line":16,"column":58},"end":{"line":16,"column":91}}]}},"s":{"0":1,"1":1,"2":1,"3":1,"4":0,"5":0,"6":0,"7":0,"8":0},"f":{"0":0},"b":{"0":[0,0],"1":[0,0]}}
,"C:\\Users\\jjasl\\high-risk-loan-monitoring-system\\src\\api\\v1\\middleware\\errorlogger.ts": {"path":"C:\\Users\\jjasl\\high-risk-loan-monitoring-system\\src\\api\\v1\\middleware\\errorlogger.ts","statementMap":{"0":{"start":{"line":4,"column":28},"end":{"line":7,"column":1}},"1":{"start":{"line":5,"column":2},"end":{"line":5,"column":51}},"2":{"start":{"line":6,"column":2},"end":{"line":6,"column":9}},"3":{"start":{"line":4,"column":13},"end":{"line":4,"column":28}},"4":{"start":{"line":10,"column":27},"end":{"line":13,"column":1}},"5":{"start":{"line":11,"column":2},"end":{"line":11,"column":42}},"6":{"start":{"line":12,"column":2},"end":{"line":12,"column":12}},"7":{"start":{"line":10,"column":13},"end":{"line":10,"column":27}},"8":{"start":{"line":16,"column":29},"end":{"line":19,"column":1}},"9":{"start":{"line":17,"column":2},"end":{"line":17,"column":48}},"10":{"start":{"line":18,"column":2},"end":{"line":18,"column":9}},"11":{"start":{"line":16,"column":13},"end":{"line":16,"column":29}}},"fnMap":{"0":{"name":"(anonymous_0)","decl":{"start":{"line":4,"column":28},"end":{"line":4,"column":29}},"loc":{"start":{"line":4,"column":80},"end":{"line":7,"column":1}}},"1":{"name":"(anonymous_1)","decl":{"start":{"line":10,"column":27},"end":{"line":10,"column":28}},"loc":{"start":{"line":10,"column":91},"end":{"line":13,"column":1}}},"2":{"name":"(anonymous_2)","decl":{"start":{"line":16,"column":29},"end":{"line":16,"column":30}},"loc":{"start":{"line":16,"column":81},"end":{"line":19,"column":1}}}},"branchMap":{},"s":{"0":1,"1":0,"2":0,"3":1,"4":1,"5":0,"6":0,"7":1,"8":1,"9":4,"10":4,"11":1},"f":{"0":0,"1":0,"2":4},"b":{}}
,"C:\\Users\\jjasl\\high-risk-loan-monitoring-system\\src\\api\\v1\\routes\\loanroutes.ts": {"path":"C:\\Users\\jjasl\\high-risk-loan-monitoring-system\\src\\api\\v1\\routes\\loanroutes.ts","statementMap":{"0":{"start":{"line":1,"column":0},"end":{"line":1,"column":33}},"1":{"start":{"line":2,"column":0},"end":{"line":2,"column":null}},"2":{"start":{"line":5,"column":15},"end":{"line":5,"column":23}},"3":{"start":{"line":7,"column":0},"end":{"line":7,"column":29}},"4":{"start":{"line":8,"column":0},"end":{"line":8,"column":38}},"5":{"start":{"line":9,"column":0},"end":{"line":9,"column":26}},"6":{"start":{"line":10,"column":0},"end":{"line":10,"column":40}},"7":{"start":{"line":12,"column":0},"end":{"line":12,"column":22}}},"fnMap":{},"branchMap":{},"s":{"0":1,"1":1,"2":1,"3":1,"4":1,"5":1,"6":1,"7":1},"f":{},"b":{}}
,"C:\\Users\\jjasl\\high-risk-loan-monitoring-system\\src\\api\\v1\\utils\\errorutils.ts": {"path":"C:\\Users\\jjasl\\high-risk-loan-monitoring-system\\src\\api\\v1\\utils\\errorutils.ts","statementMap":{"0":{"start":{"line":1,"column":0},"end":{"line":1,"column":47}},"1":{"start":{"line":2,"column":0},"end":{"line":2,"column":64}},"2":{"start":{"line":4,"column":35},"end":{"line":23,"column":1}},"3":{"start":{"line":5,"column":20},"end":{"line":5,"column":44}},"4":{"start":{"line":7,"column":2},"end":{"line":14,"column":3}},"5":{"start":{"line":8,"column":4},"end":{"line":13,"column":6}},"6":{"start":{"line":17,"column":2},"end":{"line":22,"column":4}},"7":{"start":{"line":4,"column":13},"end":{"line":4,"column":35}}},"fnMap":{"0":{"name":"(anonymous_0)","decl":{"start":{"line":4,"column":35},"end":{"line":4,"column":36}},"loc":{"start":{"line":4,"column":54},"end":{"line":23,"column":1}}}},"branchMap":{"0":{"loc":{"start":{"line":7,"column":2},"end":{"line":14,"column":3}},"type":"if","locations":[{"start":{"line":7,"column":2},"end":{"line":14,"column":3}},{"start":{},"end":{}}]}},"s":{"0":2,"1":2,"2":2,"3":1,"4":1,"5":1,"6":0,"7":2},"f":{"0":1},"b":{"0":[1,0]}}
,"C:\\Users\\jjasl\\high-risk-loan-monitoring-system\\src\\constants\\httpstatuscode.ts": {"path":"C:\\Users\\jjasl\\high-risk-loan-monitoring-system\\src\\constants\\httpstatuscode.ts","statementMap":{"0":{"start":{"line":2,"column":13},"end":{"line":21,"column":11}}},"fnMap":{},"branchMap":{},"s":{"0":3},"f":{},"b":{}}
}
