{"C:\\Users\\jjasl\\high-risk-loan-monitoring-system\\src\\api\\v1\\errors\\appErrors.ts": {"path":"C:\\Users\\jjasl\\high-risk-loan-monitoring-system\\src\\api\\v1\\errors\\appErrors.ts","statementMap":{"0":{"start":{"line":1,"column":0},"end":{"line":1,"column":80}},"1":{"start":{"line":11,"column":4},"end":{"line":11,"column":19}},"2":{"start":{"line":12,"column":4},"end":{"line":12,"column":33}},"3":{"start":{"line":13,"column":4},"end":{"line":13,"column":39}},"4":{"start":{"line":15,"column":4},"end":{"line":15,"column":52}},"5":{"start":{"line":6,"column":0},"end":{"line":6,"column":13}},"6":{"start":{"line":24,"column":4},"end":{"line":24,"column":44}},"7":{"start":{"line":22,"column":0},"end":{"line":22,"column":13}},"8":{"start":{"line":33,"column":4},"end":{"line":33,"column":45}},"9":{"start":{"line":31,"column":0},"end":{"line":31,"column":13}},"10":{"start":{"line":42,"column":4},"end":{"line":42,"column":42}},"11":{"start":{"line":40,"column":0},"end":{"line":40,"column":13}},"12":{"start":{"line":51,"column":4},"end":{"line":51,"column":42}},"13":{"start":{"line":49,"column":0},"end":{"line":49,"column":13}}},"fnMap":{"0":{"name":"(anonymous_0)","decl":{"start":{"line":10,"column":2},"end":{"line":10,"column":14}},"loc":{"start":{"line":10,"column":79},"end":{"line":16,"column":3}}},"1":{"name":"(anonymous_1)","decl":{"start":{"line":23,"column":2},"end":{"line":23,"column":14}},"loc":{"start":{"line":23,"column":37},"end":{"line":25,"column":3}}},"2":{"name":"(anonymous_2)","decl":{"start":{"line":32,"column":2},"end":{"line":32,"column":14}},"loc":{"start":{"line":32,"column":45},"end":{"line":34,"column":3}}},"3":{"name":"(anonymous_3)","decl":{"start":{"line":41,"column":2},"end":{"line":41,"column":14}},"loc":{"start":{"line":41,"column":42},"end":{"line":43,"column":3}}},"4":{"name":"(anonymous_4)","decl":{"start":{"line":50,"column":2},"end":{"line":50,"column":14}},"loc":{"start":{"line":50,"column":44},"end":{"line":52,"column":3}}}},"branchMap":{"0":{"loc":{"start":{"line":10,"column":59},"end":{"line":10,"column":79}},"type":"default-arg","locations":[{"start":{"line":10,"column":75},"end":{"line":10,"column":79}}]},"1":{"loc":{"start":{"line":23,"column":14},"end":{"line":23,"column":37}},"type":"default-arg","locations":[{"start":{"line":23,"column":24},"end":{"line":23,"column":37}}]},"2":{"loc":{"start":{"line":32,"column":14},"end":{"line":32,"column":45}},"type":"default-arg","locations":[{"start":{"line":32,"column":24},"end":{"line":32,"column":45}}]},"3":{"loc":{"start":{"line":41,"column":14},"end":{"line":41,"column":42}},"type":"default-arg","locations":[{"start":{"line":41,"column":24},"end":{"line":41,"column":42}}]},"4":{"loc":{"start":{"line":50,"column":14},"end":{"line":50,"column":44}},"type":"default-arg","locations":[{"start":{"line":50,"column":24},"end":{"line":50,"column":44}}]}},"s":{"0":1,"1":1,"2":1,"3":1,"4":1,"5":1,"6":0,"7":1,"8":0,"9":1,"10":0,"11":1,"12":0,"13":1},"f":{"0":1,"1":0,"2":0,"3":0,"4":0},"b":{"0":[1],"1":[0],"2":[0],"3":[0],"4":[0]}}
,"C:\\Users\\jjasl\\high-risk-loan-monitoring-system\\src\\api\\v1\\utils\\errorutils.ts": {"path":"C:\\Users\\jjasl\\high-risk-loan-monitoring-system\\src\\api\\v1\\utils\\errorutils.ts","statementMap":{"0":{"start":{"line":1,"column":0},"end":{"line":1,"column":47}},"1":{"start":{"line":2,"column":0},"end":{"line":2,"column":64}},"2":{"start":{"line":4,"column":35},"end":{"line":23,"column":1}},"3":{"start":{"line":5,"column":20},"end":{"line":5,"column":44}},"4":{"start":{"line":7,"column":2},"end":{"line":14,"column":3}},"5":{"start":{"line":8,"column":4},"end":{"line":13,"column":6}},"6":{"start":{"line":17,"column":2},"end":{"line":22,"column":4}},"7":{"start":{"line":4,"column":13},"end":{"line":4,"column":35}}},"fnMap":{"0":{"name":"(anonymous_0)","decl":{"start":{"line":4,"column":35},"end":{"line":4,"column":36}},"loc":{"start":{"line":4,"column":54},"end":{"line":23,"column":1}}}},"branchMap":{"0":{"loc":{"start":{"line":7,"column":2},"end":{"line":14,"column":3}},"type":"if","locations":[{"start":{"line":7,"column":2},"end":{"line":14,"column":3}},{"start":{},"end":{}}]}},"s":{"0":1,"1":1,"2":1,"3":1,"4":1,"5":1,"6":0,"7":1},"f":{"0":1},"b":{"0":[1,0]}}
,"C:\\Users\\jjasl\\high-risk-loan-monitoring-system\\src\\constants\\httpstatuscode.ts": {"path":"C:\\Users\\jjasl\\high-risk-loan-monitoring-system\\src\\constants\\httpstatuscode.ts","statementMap":{"0":{"start":{"line":2,"column":13},"end":{"line":21,"column":11}}},"fnMap":{},"branchMap":{},"s":{"0":1},"f":{},"b":{}}
}
