TN:
SF:src\app.ts
FNF:0
FNH:0
DA:1,1
DA:2,1
DA:3,1
DA:4,1
DA:6,1
DA:9,1
DA:11,0
DA:12,0
DA:15,1
DA:19,1
DA:22,1
DA:25,1
DA:27,1
LF:13
LH:11
BRDA:9,0,0,0
BRDA:9,0,1,1
BRF:2
BRH:1
end_of_record
TN:
SF:src\api\v1\controllers\loancontroller.ts
FN:3,(anonymous_0)
FN:7,(anonymous_1)
FN:11,(anonymous_2)
FN:18,(anonymous_3)
FNF:4
FNH:4
FNDA:1,(anonymous_0)
FNDA:1,(anonymous_1)
FNDA:1,(anonymous_2)
FNDA:1,(anonymous_3)
DA:3,1
DA:4,1
DA:7,1
DA:8,1
DA:11,1
DA:12,1
DA:18,1
DA:19,1
LF:8
LH:8
BRF:0
BRH:0
end_of_record
TN:
SF:src\api\v1\errors\appErrors.ts
FN:10,(anonymous_0)
FN:23,(anonymous_1)
FN:32,(anonymous_2)
FN:41,(anonymous_3)
FN:50,(anonymous_4)
FNF:5
FNH:5
FNDA:6,(anonymous_0)
FNDA:1,(anonymous_1)
FNDA:1,(anonymous_2)
FNDA:1,(anonymous_3)
FNDA:1,(anonymous_4)
DA:1,3
DA:6,3
DA:11,6
DA:12,6
DA:13,6
DA:15,6
DA:22,3
DA:24,1
DA:31,3
DA:33,1
DA:40,3
DA:42,1
DA:49,3
DA:51,1
LF:14
LH:14
BRDA:10,0,0,6
BRDA:23,1,0,0
BRDA:32,2,0,1
BRDA:41,3,0,0
BRDA:50,4,0,1
BRF:5
BRH:3
end_of_record
TN:
SF:src\api\v1\middleware\errorHandler.ts
FN:6,errorHandler
FNF:1
FNH:0
FNDA:0,errorHandler
DA:2,1
DA:3,1
DA:4,1
DA:6,1
DA:7,0
DA:10,0
DA:11,0
DA:13,0
DA:16,0
LF:9
LH:4
BRDA:10,0,0,0
BRDA:10,0,1,0
BRDA:16,1,0,0
BRDA:16,1,1,0
BRF:4
BRH:0
end_of_record
TN:
SF:src\api\v1\middleware\errorlogger.ts
FN:4,(anonymous_0)
FN:10,(anonymous_1)
FN:16,(anonymous_2)
FNF:3
FNH:2
FNDA:2,(anonymous_0)
FNDA:0,(anonymous_1)
FNDA:6,(anonymous_2)
DA:4,2
DA:5,2
DA:6,2
DA:10,2
DA:11,0
DA:12,0
DA:16,2
DA:17,6
DA:18,6
LF:9
LH:7
BRF:0
BRH:0
end_of_record
TN:
SF:src\api\v1\routes\loanroutes.ts
FNF:0
FNH:0
DA:1,1
DA:2,1
DA:5,1
DA:7,1
DA:8,1
DA:9,1
DA:10,1
DA:12,1
LF:8
LH:8
BRF:0
BRH:0
end_of_record
TN:
SF:src\api\v1\utils\errorutils.ts
FN:4,(anonymous_0)
FNF:1
FNH:1
FNDA:1,(anonymous_0)
DA:1,2
DA:2,2
DA:4,2
DA:5,1
DA:7,1
DA:8,1
DA:17,0
LF:7
LH:6
BRDA:7,0,0,1
BRDA:7,0,1,0
BRF:2
BRH:1
end_of_record
TN:
SF:src\constants\httpstatuscode.ts
FNF:0
FNH:0
DA:2,3
LF:1
LH:1
BRF:0
BRH:0
end_of_record
