TN:
SF:src\app.ts
FNF:0
FNH:0
DA:1,1
DA:2,1
DA:3,1
DA:4,1
DA:5,1
DA:6,1
DA:7,1
DA:8,1
DA:10,1
DA:13,1
DA:15,0
DA:16,0
DA:19,1
DA:23,1
DA:26,1
DA:29,1
DA:31,1
DA:33,1
DA:35,1
LF:19
LH:17
BRDA:13,0,0,0
BRDA:13,0,1,1
BRF:2
BRH:1
end_of_record
TN:
SF:src\api\v1\controllers\loancontroller.ts
FN:3,(anonymous_0)
FN:7,(anonymous_1)
FN:11,(anonymous_2)
FN:18,(anonymous_3)
FNF:4
FNH:4
FNDA:1,(anonymous_0)
FNDA:1,(anonymous_1)
FNDA:1,(anonymous_2)
FNDA:1,(anonymous_3)
DA:3,1
DA:4,1
DA:7,1
DA:8,1
DA:11,1
DA:12,1
DA:18,1
DA:19,1
LF:8
LH:8
BRF:0
BRH:0
end_of_record
TN:
SF:src\api\v1\controllers\rolecontroller.ts
FN:4,(anonymous_8)
FN:4,(anonymous_9)
FN:15,(anonymous_10)
FN:15,(anonymous_11)
FNF:4
FNH:0
FNDA:0,(anonymous_8)
FNDA:0,(anonymous_9)
FNDA:0,(anonymous_10)
FNDA:0,(anonymous_11)
DA:2,1
DA:4,1
DA:5,0
DA:7,0
DA:8,0
DA:9,0
DA:11,0
DA:15,1
DA:16,0
DA:18,0
DA:19,0
DA:20,0
DA:22,0
LF:13
LH:3
BRDA:20,0,0,0
BRDA:20,0,1,0
BRF:2
BRH:0
end_of_record
TN:
SF:src\api\v1\controllers\usercontroller.ts
FN:5,(anonymous_8)
FN:5,(anonymous_9)
FN:17,(anonymous_10)
FN:17,(anonymous_11)
FNF:4
FNH:0
FNDA:0,(anonymous_8)
FNDA:0,(anonymous_9)
FNDA:0,(anonymous_10)
FNDA:0,(anonymous_11)
DA:2,1
DA:5,1
DA:6,0
DA:8,0
DA:9,0
DA:10,0
DA:12,0
DA:17,1
DA:18,0
DA:19,0
DA:21,0
DA:22,0
DA:23,0
DA:25,0
LF:14
LH:3
BRF:0
BRH:0
end_of_record
TN:
SF:src\api\v1\errors\appErrors.ts
FN:6,(anonymous_0)
FN:20,(anonymous_1)
FN:33,(anonymous_2)
FN:42,(anonymous_3)
FN:51,(anonymous_4)
FN:60,(anonymous_5)
FNF:6
FNH:5
FNDA:0,(anonymous_0)
FNDA:7,(anonymous_1)
FNDA:1,(anonymous_2)
FNDA:1,(anonymous_3)
FNDA:1,(anonymous_4)
FNDA:1,(anonymous_5)
DA:1,4
DA:2,4
DA:7,0
DA:8,0
DA:9,0
DA:16,4
DA:21,7
DA:22,7
DA:23,7
DA:25,7
DA:32,4
DA:34,1
DA:41,4
DA:43,1
DA:50,4
DA:52,1
DA:59,4
DA:61,1
LF:18
LH:15
BRDA:6,0,0,0
BRDA:20,1,0,7
BRDA:33,2,0,0
BRDA:42,3,0,1
BRDA:51,4,0,0
BRDA:60,5,0,1
BRF:6
BRH:3
end_of_record
TN:
SF:src\api\v1\middleware\authmiddleware.ts
FN:4,(anonymous_8)
FN:4,(anonymous_9)
FNF:2
FNH:2
FNDA:3,(anonymous_8)
FNDA:3,(anonymous_9)
DA:2,2
DA:4,3
DA:5,3
DA:7,3
DA:8,1
DA:11,2
DA:13,2
DA:14,2
DA:15,1
DA:16,1
DA:18,1
LF:11
LH:11
BRDA:7,0,0,1
BRDA:7,0,1,2
BRDA:7,1,0,3
BRDA:7,1,1,2
BRF:4
BRH:4
end_of_record
TN:
SF:src\api\v1\middleware\authorizationMiddleware.ts
FN:17,(anonymous_0)
FN:18,(anonymous_1)
FNF:2
FNH:2
FNDA:4,(anonymous_0)
FNDA:3,(anonymous_1)
DA:2,2
DA:16,2
DA:17,2
DA:18,4
DA:19,3
DA:20,3
DA:22,3
DA:23,0
DA:27,3
DA:29,2
DA:30,1
DA:32,1
DA:35,1
DA:37,0
LF:14
LH:12
BRDA:17,0,0,0
BRDA:22,1,0,0
BRDA:22,1,1,3
BRDA:27,2,0,2
BRDA:27,2,1,1
BRDA:27,3,0,3
BRDA:27,3,1,3
BRDA:29,4,0,1
BRDA:29,4,1,1
BRDA:29,5,0,2
BRDA:29,5,1,1
BRF:11
BRH:9
end_of_record
TN:
SF:src\api\v1\middleware\errorHandler.ts
FN:6,errorHandler
FNF:1
FNH:0
FNDA:0,errorHandler
DA:2,1
DA:3,1
DA:4,1
DA:6,1
DA:7,0
DA:10,0
DA:11,0
DA:13,0
DA:16,0
LF:9
LH:4
BRDA:10,0,0,0
BRDA:10,0,1,0
BRDA:16,1,0,0
BRDA:16,1,1,0
BRF:4
BRH:0
end_of_record
TN:
SF:src\api\v1\middleware\errorlogger.ts
FN:4,(anonymous_0)
FN:10,(anonymous_1)
FN:16,(anonymous_2)
FNF:3
FNH:2
FNDA:2,(anonymous_0)
FNDA:0,(anonymous_1)
FNDA:6,(anonymous_2)
DA:4,2
DA:5,2
DA:6,2
DA:10,2
DA:11,0
DA:12,0
DA:16,2
DA:17,6
DA:18,6
LF:9
LH:7
BRF:0
BRH:0
end_of_record
TN:
SF:src\api\v1\routes\loanroutes.ts
FNF:0
FNH:0
DA:1,1
DA:2,1
DA:4,1
DA:6,1
DA:7,1
DA:8,1
DA:9,1
DA:11,1
LF:8
LH:8
BRF:0
BRH:0
end_of_record
TN:
SF:src\api\v1\routes\roleroutes.ts
FNF:0
FNH:0
DA:1,1
DA:2,1
DA:4,1
DA:6,1
DA:7,1
DA:9,1
LF:6
LH:6
BRF:0
BRH:0
end_of_record
TN:
SF:src\api\v1\routes\userroutes.ts
FNF:0
FNH:0
DA:1,1
DA:2,1
DA:4,1
DA:7,1
DA:10,1
DA:12,1
LF:6
LH:6
BRF:0
BRH:0
end_of_record
TN:
SF:src\api\v1\utils\errorutils.ts
FN:4,(anonymous_0)
FNF:1
FNH:1
FNDA:1,(anonymous_0)
DA:1,2
DA:2,2
DA:4,2
DA:5,1
DA:7,1
DA:8,1
DA:17,0
LF:7
LH:6
BRDA:7,0,0,1
BRDA:7,0,1,0
BRF:2
BRH:1
end_of_record
TN:
SF:src\constants\httpstatuscode.ts
FNF:0
FNH:0
DA:2,4
LF:1
LH:1
BRF:0
BRH:0
end_of_record
